
> @playform/adapt@0.0.1 prepublishOnly D:\Developer\Application\Playform\NPM\Adapt
> Build 'Source/**/*.ts'


  Target\Function\Adapt.js   268b 
  Target\Class\Adapt.js      248b 
  Target\Function\Exec.js    227b 
  Target\Function\JSON.js    140b 
  Target\Interface\Adapt.js    0b 
  ...and 2 more output files...

⚡ Done in 62ms

  Target/Function/Adapt.js ──── 268b ── 100.0%
   └ Source/Function/Adapt.ts ─ 200b ─── 74.6%

  Target/Class/Adapt.js ─────── 248b ── 100.0%
   └ Source/Class/Adapt.ts ──── 206b ─── 83.1%

  Target/Function/Exec.js ───── 227b ── 100.0%
   └ Source/Function/Exec.ts ── 205b ─── 90.3%

  Target/Function/JSON.js ───── 140b ── 100.0%
   └ Source/Function/JSON.ts ── 118b ─── 84.3%

  Target/Interface/Adapt.js ───── 0b ── 100.0%

  Target/Interface/Exec.js ────── 0b ── 100.0%

  Target/Interface/JSON.js ────── 0b ── 100.0%

Source/Function/Adapt.ts(6,5): error TS6133: 'File' is declared but its value is never read.

Source/Function/Adapt.ts(6,6): error TS2493: Tuple type '[]' of length '0' has no element at index '0'.

